Running: /opt/Xilinx/14.7/ISE_DS/ISE/bin/lin64/unwrapped/fuse -intstyle ise -incremental -o /home/ise/ISE_Projects/somador_subtrator_n2/seven_segments_display_TB_isim_beh.exe -prj /home/ise/ISE_Projects/somador_subtrator_n2/seven_segments_display_TB_beh.prj work.seven_segments_display_TB 
ISim P.20131013 (signature 0xfbc00daa)
Number of CPUs detected in this system: 1
Turning on mult-threading, number of parallel sub-compilation jobs: 0 
Determining compilation order of HDL files
Parsing VHDL file "/home/ise/ISE_Projects/somador_subtrator_n2/seven_segments_display.vhd" into library work
Parsing VHDL file "/home/ise/ISE_Projects/somador_subtrator_n2/seven_segments_display_TB.vhd" into library work
Starting static elaboration
Completed static elaboration
Fuse Memory Usage: 95296 KB
Fuse CPU Usage: 1420 ms
Compiling package standard
Compiling package std_logic_1164
Compiling architecture behavioral of entity seven_segments_display [seven_segments_display_default]
Compiling architecture behavior of entity seven_segments_display_tb
Time Resolution for simulation is 1ps.
Compiled 5 VHDL Units
Built simulation executable /home/ise/ISE_Projects/somador_subtrator_n2/seven_segments_display_TB_isim_beh.exe
Fuse Memory Usage: 103924 KB
Fuse CPU Usage: 1520 ms
GCC CPU Usage: 940 ms
