Release 14.7 - xst P.20131013 (lin64)
Copyright (c) 1995-2013 Xilinx, Inc.  All rights reserved.
--> 
Parameter TMPDIR set to xst/projnav.tmp


Total REAL time to Xst completion: 0.00 secs
Total CPU time to Xst completion: 0.07 secs
 
--> 
Parameter xsthdpdir set to xst


Total REAL time to Xst completion: 0.00 secs
Total CPU time to Xst completion: 0.07 secs
 
--> 
Reading design: sd_somador_subtrator_n2.prj

TABLE OF CONTENTS
  1) Synthesis Options Summary
  2) HDL Compilation
  3) Design Hierarchy Analysis
  4) HDL Analysis
  5) HDL Synthesis
     5.1) HDL Synthesis Report
  6) Advanced HDL Synthesis
     6.1) Advanced HDL Synthesis Report
  7) Low Level Synthesis
  8) Partition Report
  9) Final Report
	9.1) Device utilization summary
	9.2) Partition Resource Summary
	9.3) TIMING REPORT


=========================================================================
*                      Synthesis Options Summary                        *
=========================================================================
---- Source Parameters
Input File Name                    : "sd_somador_subtrator_n2.prj"
Input Format                       : mixed
Ignore Synthesis Constraint File   : NO

---- Target Parameters
Output File Name                   : "sd_somador_subtrator_n2"
Output Format                      : NGC
Target Device                      : xc3s100e-4-cp132

---- Source Options
Top Module Name                    : sd_somador_subtrator_n2
Automatic FSM Extraction           : YES
FSM Encoding Algorithm             : Auto
Safe Implementation                : No
FSM Style                          : LUT
RAM Extraction                     : Yes
RAM Style                          : Auto
ROM Extraction                     : Yes
Mux Style                          : Auto
Decoder Extraction                 : YES
Priority Encoder Extraction        : Yes
Shift Register Extraction          : YES
Logical Shifter Extraction         : YES
XOR Collapsing                     : YES
ROM Style                          : Auto
Mux Extraction                     : Yes
Resource Sharing                   : YES
Asynchronous To Synchronous        : NO
Multiplier Style                   : Auto
Automatic Register Balancing       : No

---- Target Options
Add IO Buffers                     : YES
Global Maximum Fanout              : 100000
Add Generic Clock Buffer(BUFG)     : 24
Register Duplication               : YES
Slice Packing                      : YES
Optimize Instantiated Primitives   : NO
Use Clock Enable                   : Yes
Use Synchronous Set                : Yes
Use Synchronous Reset              : Yes
Pack IO Registers into IOBs        : Auto
Equivalent register Removal        : YES

---- General Options
Optimization Goal                  : Speed
Optimization Effort                : 1
Keep Hierarchy                     : No
Netlist Hierarchy                  : As_Optimized
RTL Output                         : Yes
Global Optimization                : AllClockNets
Read Cores                         : YES
Write Timing Constraints           : NO
Cross Clock Analysis               : NO
Hierarchy Separator                : /
Bus Delimiter                      : <>
Case Specifier                     : Maintain
Slice Utilization Ratio            : 100
BRAM Utilization Ratio             : 100
Verilog 2001                       : YES
Auto BRAM Packing                  : NO
Slice Utilization Ratio Delta      : 5

=========================================================================


=========================================================================
*                          HDL Compilation                              *
=========================================================================
Compiling vhdl file "/home/ise/ISE_Projects/somador_subtrator_n2/seven_segments_display.vhd" in Library work.
Architecture behavioral of Entity seven_segments_display is up to date.
Compiling vhdl file "/home/ise/ISE_Projects/somador_subtrator_n2/regs.vhd" in Library work.
Architecture behavioral of Entity regs is up to date.
Compiling vhdl file "/home/ise/ISE_Projects/somador_subtrator_n2/five_bit_regs.vhd" in Library work.
Architecture behavioral of Entity five_bit_regs is up to date.
Compiling vhdl file "/home/ise/ISE_Projects/somador_subtrator_n2/adder_subtractor.vhd" in Library work.
Architecture behavioral of Entity adder_subtractor is up to date.
Compiling vhdl file "/home/ise/ISE_Projects/somador_subtrator_n2/somador_subtrator_n2.vhd" in Library work.
Architecture behavioral of Entity somador_subtrator_n2 is up to date.
Compiling vhdl file "/home/ise/ISE_Projects/somador_subtrator_n2/uc_somador_subtrator.vhd" in Library work.
Entity <uc_somador_subtrator> compiled.
Entity <uc_somador_subtrator> (Architecture <behavioral>) compiled.
Compiling vhdl file "/home/ise/ISE_Projects/somador_subtrator_n2/sd_somador_subtrator_n2.vhd" in Library work.
Architecture behavioral of Entity sd_somador_subtrator_n2 is up to date.

=========================================================================
*                     Design Hierarchy Analysis                         *
=========================================================================
Analyzing hierarchy for entity <sd_somador_subtrator_n2> in library <work> (architecture <behavioral>).

Analyzing hierarchy for entity <somador_subtrator_n2> in library <work> (architecture <behavioral>).

Analyzing hierarchy for entity <uc_somador_subtrator> in library <work> (architecture <behavioral>).

Analyzing hierarchy for entity <seven_segments_display> in library <work> (architecture <behavioral>).

Analyzing hierarchy for entity <regs> in library <work> (architecture <behavioral>).

Analyzing hierarchy for entity <five_bit_regs> in library <work> (architecture <behavioral>).

Analyzing hierarchy for entity <adder_subtractor> in library <work> (architecture <behavioral>).


=========================================================================
*                            HDL Analysis                               *
=========================================================================
Analyzing Entity <sd_somador_subtrator_n2> in library <work> (Architecture <behavioral>).
Entity <sd_somador_subtrator_n2> analyzed. Unit <sd_somador_subtrator_n2> generated.

Analyzing Entity <somador_subtrator_n2> in library <work> (Architecture <behavioral>).
Entity <somador_subtrator_n2> analyzed. Unit <somador_subtrator_n2> generated.

Analyzing Entity <seven_segments_display> in library <work> (Architecture <behavioral>).
INFO:Xst:1561 - "/home/ise/ISE_Projects/somador_subtrator_n2/seven_segments_display.vhd" line 38: Mux is complete : default of case is discarded
INFO:Xst:1561 - "/home/ise/ISE_Projects/somador_subtrator_n2/seven_segments_display.vhd" line 58: Mux is complete : default of case is discarded
WARNING:Xst:819 - "/home/ise/ISE_Projects/somador_subtrator_n2/seven_segments_display.vhd" line 19: One or more signals are missing in the process sensitivity list. To enable synthesis of FPGA/CPLD hardware, XST will assume that all necessary signals are present in the sensitivity list. Please note that the result of the synthesis may differ from the initial design specification. The missing signals are:
   <FLAG>
Entity <seven_segments_display> analyzed. Unit <seven_segments_display> generated.

Analyzing Entity <regs> in library <work> (Architecture <behavioral>).
Entity <regs> analyzed. Unit <regs> generated.

Analyzing Entity <five_bit_regs> in library <work> (Architecture <behavioral>).
Entity <five_bit_regs> analyzed. Unit <five_bit_regs> generated.

Analyzing Entity <adder_subtractor> in library <work> (Architecture <behavioral>).
Entity <adder_subtractor> analyzed. Unit <adder_subtractor> generated.

Analyzing Entity <uc_somador_subtrator> in library <work> (Architecture <behavioral>).
Entity <uc_somador_subtrator> analyzed. Unit <uc_somador_subtrator> generated.


=========================================================================
*                           HDL Synthesis                               *
=========================================================================

Performing bidirectional port resolution...

Synthesizing Unit <uc_somador_subtrator>.
    Related source file is "/home/ise/ISE_Projects/somador_subtrator_n2/uc_somador_subtrator.vhd".
    Found finite state machine <FSM_0> for signal <CURRENT_STATE>.
    -----------------------------------------------------------------------
    | States             | 6                                              |
    | Transitions        | 10                                             |
    | Inputs             | 4                                              |
    | Outputs            | 6                                              |
    | Clock              | CLK_UC                    (rising_edge)        |
    | Reset              | RST_UC                    (positive)           |
    | Reset type         | asynchronous                                   |
    | Reset State        | e0                                             |
    | Power Up State     | e0                                             |
    | Encoding           | automatic                                      |
    | Implementation     | LUT                                            |
    -----------------------------------------------------------------------
WARNING:Xst:737 - Found 1-bit latch for signal <EN3>. Latches may be generated from incomplete case or if statements. We do not recommend the use of latches in FPGA/CPLD designs, as they may lead to timing problems.
INFO:Xst:2371 - HDL ADVISOR - Logic functions respectively driving the data and gate enable inputs of this latch share common terms. This situation will potentially lead to setup/hold violations and, as a result, to simulation problems. This situation may come from an incomplete case statement (all selector values are not covered). You should carefully review if it was in your intentions to describe such a latch.
WARNING:Xst:737 - Found 1-bit latch for signal <OPERATION>. Latches may be generated from incomplete case or if statements. We do not recommend the use of latches in FPGA/CPLD designs, as they may lead to timing problems.
INFO:Xst:2371 - HDL ADVISOR - Logic functions respectively driving the data and gate enable inputs of this latch share common terms. This situation will potentially lead to setup/hold violations and, as a result, to simulation problems. This situation may come from an incomplete case statement (all selector values are not covered). You should carefully review if it was in your intentions to describe such a latch.
WARNING:Xst:737 - Found 1-bit latch for signal <EN2>. Latches may be generated from incomplete case or if statements. We do not recommend the use of latches in FPGA/CPLD designs, as they may lead to timing problems.
INFO:Xst:2371 - HDL ADVISOR - Logic functions respectively driving the data and gate enable inputs of this latch share common terms. This situation will potentially lead to setup/hold violations and, as a result, to simulation problems. This situation may come from an incomplete case statement (all selector values are not covered). You should carefully review if it was in your intentions to describe such a latch.
WARNING:Xst:737 - Found 1-bit latch for signal <EN1>. Latches may be generated from incomplete case or if statements. We do not recommend the use of latches in FPGA/CPLD designs, as they may lead to timing problems.
INFO:Xst:2371 - HDL ADVISOR - Logic functions respectively driving the data and gate enable inputs of this latch share common terms. This situation will potentially lead to setup/hold violations and, as a result, to simulation problems. This situation may come from an incomplete case statement (all selector values are not covered). You should carefully review if it was in your intentions to describe such a latch.
    Summary:
	inferred   1 Finite State Machine(s).
Unit <uc_somador_subtrator> synthesized.


Synthesizing Unit <seven_segments_display>.
    Related source file is "/home/ise/ISE_Projects/somador_subtrator_n2/seven_segments_display.vhd".
Unit <seven_segments_display> synthesized.


Synthesizing Unit <regs>.
    Related source file is "/home/ise/ISE_Projects/somador_subtrator_n2/regs.vhd".
    Found 4-bit register for signal <q_out_temp>.
    Summary:
	inferred   4 D-type flip-flop(s).
Unit <regs> synthesized.


Synthesizing Unit <five_bit_regs>.
    Related source file is "/home/ise/ISE_Projects/somador_subtrator_n2/five_bit_regs.vhd".
    Found 5-bit register for signal <q_out_temp>.
    Summary:
	inferred   5 D-type flip-flop(s).
Unit <five_bit_regs> synthesized.


Synthesizing Unit <adder_subtractor>.
    Related source file is "/home/ise/ISE_Projects/somador_subtrator_n2/adder_subtractor.vhd".
    Found 5-bit addsub for signal <OPERATION$addsub0000>.
    Summary:
	inferred   1 Adder/Subtractor(s).
Unit <adder_subtractor> synthesized.


Synthesizing Unit <somador_subtrator_n2>.
    Related source file is "/home/ise/ISE_Projects/somador_subtrator_n2/somador_subtrator_n2.vhd".
Unit <somador_subtrator_n2> synthesized.


Synthesizing Unit <sd_somador_subtrator_n2>.
    Related source file is "/home/ise/ISE_Projects/somador_subtrator_n2/sd_somador_subtrator_n2.vhd".
Unit <sd_somador_subtrator_n2> synthesized.

INFO:Xst:1767 - HDL ADVISOR - Resource sharing has identified that some arithmetic operations in this design can share the same physical resources for reduced device utilization. For improved clock frequency you may try to disable resource sharing.

=========================================================================
HDL Synthesis Report

Macro Statistics
# Adders/Subtractors                                   : 1
 5-bit addsub                                          : 1
# Registers                                            : 3
 4-bit register                                        : 2
 5-bit register                                        : 1
# Latches                                              : 4
 1-bit latch                                           : 4

=========================================================================

=========================================================================
*                       Advanced HDL Synthesis                          *
=========================================================================

Analyzing FSM <FSM_0> for best encoding.
Optimizing FSM <sd_somador_subtrator/CURRENT_STATE/FSM> on signal <CURRENT_STATE[1:6]> with one-hot encoding.
-------------------
 State | Encoding
-------------------
 e0    | 000001
 e1    | 000010
 e2    | 000100
 e3    | 001000
 e4    | 010000
 e5    | 100000
-------------------

=========================================================================
Advanced HDL Synthesis Report

Macro Statistics
# FSMs                                                 : 1
# Adders/Subtractors                                   : 1
 5-bit addsub                                          : 1
# Registers                                            : 13
 Flip-Flops                                            : 13
# Latches                                              : 4
 1-bit latch                                           : 4

=========================================================================

=========================================================================
*                         Low Level Synthesis                           *
=========================================================================

Optimizing unit <sd_somador_subtrator_n2> ...

Mapping all equations...
Building and optimizing final netlist ...
Found area constraint ratio of 100 (+ 5) on block sd_somador_subtrator_n2, actual ratio is 2.

Final Macro Processing ...

=========================================================================
Final Register Report

Macro Statistics
# Registers                                            : 19
 Flip-Flops                                            : 19

=========================================================================

=========================================================================
*                           Partition Report                            *
=========================================================================

Partition Implementation Status
-------------------------------

  No Partitions were found in this design.

-------------------------------

=========================================================================
*                            Final Report                               *
=========================================================================
Final Results
RTL Top Level Output File Name     : sd_somador_subtrator_n2.ngr
Top Level Output File Name         : sd_somador_subtrator_n2
Output Format                      : NGC
Optimization Goal                  : Speed
Keep Hierarchy                     : No

Design Statistics
# IOs                              : 21

Cell Usage :
# BELS                             : 45
#      GND                         : 1
#      LUT2                        : 6
#      LUT2_L                      : 1
#      LUT3                        : 4
#      LUT3_D                      : 1
#      LUT3_L                      : 1
#      LUT4                        : 22
#      MUXF5                       : 8
#      VCC                         : 1
# FlipFlops/Latches                : 23
#      FDC                         : 5
#      FDCE                        : 13
#      FDP                         : 1
#      LD_1                        : 4
# Clock Buffers                    : 1
#      BUFGP                       : 1
# IO Buffers                       : 20
#      IBUF                        : 8
#      OBUF                        : 12
=========================================================================

Device utilization summary:
---------------------------

Selected Device : 3s100ecp132-4 

 Number of Slices:                       23  out of    960     2%  
 Number of Slice Flip Flops:             23  out of   1920     1%  
 Number of 4 input LUTs:                 35  out of   1920     1%  
 Number of IOs:                          21
 Number of bonded IOBs:                  21  out of     83    25%  
 Number of GCLKs:                         1  out of     24     4%  

---------------------------
Partition Resource Summary:
---------------------------

  No Partitions were found in this design.

---------------------------


=========================================================================
TIMING REPORT

NOTE: THESE TIMING NUMBERS ARE ONLY A SYNTHESIS ESTIMATE.
      FOR ACCURATE TIMING INFORMATION PLEASE REFER TO THE TRACE REPORT
      GENERATED AFTER PLACE-and-ROUTE.

Clock Information:
------------------
-------------------------------------------------------------------------------+----------------------------------------+-------+
Clock Signal                                                                   | Clock buffer(FF name)                  | Load  |
-------------------------------------------------------------------------------+----------------------------------------+-------+
sd_somador_subtrator/EN1_mux0000(sd_somador_subtrator/EN1_mux00001:O)          | NONE(*)(sd_somador_subtrator/EN3)      | 2     |
sd_somador_subtrator/OPERATION_or0000(sd_somador_subtrator/OPERATION_or00001:O)| NONE(*)(sd_somador_subtrator/OPERATION)| 1     |
sd_somador_subtrator/CURRENT_STATE_FSM_FFd2                                    | NONE(sd_somador_subtrator/EN1)         | 1     |
CLK                                                                            | BUFGP                                  | 19    |
-------------------------------------------------------------------------------+----------------------------------------+-------+
(*) These 2 clock signal(s) are generated by combinatorial logic,
and XST is not able to identify which are the primary clock signals.
Please use the CLOCK_SIGNAL constraint to specify the clock signal(s) generated by combinatorial logic.
INFO:Xst:2169 - HDL ADVISOR - Some clock signals were not automatically buffered by XST with BUFG/BUFR resources. Please use the buffer_type constraint in order to insert these buffers to the clock signals to help prevent skew problems.

Asynchronous Control Signals Information:
----------------------------------------
-----------------------------------+------------------------+-------+
Control Signal                     | Buffer(FF name)        | Load  |
-----------------------------------+------------------------+-------+
CLEAR                              | IBUF                   | 19    |
-----------------------------------+------------------------+-------+

Timing Summary:
---------------
Speed Grade: -4

   Minimum period: 4.497ns (Maximum Frequency: 222.370MHz)
   Minimum input arrival time before clock: 4.139ns
   Maximum output required time after clock: 6.483ns
   Maximum combinational path delay: No path found

Timing Detail:
--------------
All values displayed in nanoseconds (ns)

=========================================================================
Timing constraint: Default period analysis for Clock 'CLK'
  Clock period: 4.497ns (frequency: 222.370MHz)
  Total number of paths / destination ports: 44 / 11
-------------------------------------------------------------------------
Delay:               4.497ns (Levels of Logic = 4)
  Source:            sd_somador_subtrator_n2/REG_A/q_out_temp_0 (FF)
  Destination:       sd_somador_subtrator_n2/REG_EXIT/q_out_temp_4 (FF)
  Source Clock:      CLK rising
  Destination Clock: CLK rising

  Data Path: sd_somador_subtrator_n2/REG_A/q_out_temp_0 to sd_somador_subtrator_n2/REG_EXIT/q_out_temp_4
                                Gate     Net
    Cell:in->out      fanout   Delay   Delay  Logical Name (Net Name)
    ----------------------------------------  ------------
     FDCE:C->Q             3   0.591   0.610  sd_somador_subtrator_n2/REG_A/q_out_temp_0 (sd_somador_subtrator_n2/REG_A/q_out_temp_0)
     LUT3_D:I1->LO         1   0.704   0.104  sd_somador_subtrator_n2/ADDER_SUBTRACTOR_INST/Maddsub_OPERATION_addsub0000_cy<1>1_SW0 (N46)
     LUT4:I3->O            2   0.704   0.451  sd_somador_subtrator_n2/ADDER_SUBTRACTOR_INST/Maddsub_OPERATION_addsub0000_cy<1>1 (sd_somador_subtrator_n2/ADDER_SUBTRACTOR_INST/Maddsub_OPERATION_addsub0000_cy<1>)
     LUT4:I3->O            1   0.704   0.000  sd_somador_subtrator_n2/ADDER_SUBTRACTOR_INST/Maddsub_OPERATION_addsub0000_xor<4>11_G (N45)
     MUXF5:I1->O           1   0.321   0.000  sd_somador_subtrator_n2/ADDER_SUBTRACTOR_INST/Maddsub_OPERATION_addsub0000_xor<4>11 (sd_somador_subtrator_n2/adder_subtractor_to_regs_EXIT<4>)
     FDCE:D                    0.308          sd_somador_subtrator_n2/REG_EXIT/q_out_temp_4
    ----------------------------------------
    Total                      4.497ns (3.332ns logic, 1.165ns route)
                                       (74.1% logic, 25.9% route)

=========================================================================
Timing constraint: Default OFFSET IN BEFORE for Clock 'CLK'
  Total number of paths / destination ports: 17 / 14
-------------------------------------------------------------------------
Offset:              4.139ns (Levels of Logic = 3)
  Source:            MORE (PAD)
  Destination:       sd_somador_subtrator/CURRENT_STATE_FSM_FFd6 (FF)
  Destination Clock: CLK rising

  Data Path: MORE to sd_somador_subtrator/CURRENT_STATE_FSM_FFd6
                                Gate     Net
    Cell:in->out      fanout   Delay   Delay  Logical Name (Net Name)
    ----------------------------------------  ------------
     IBUF:I->O             3   1.218   0.706  MORE_IBUF (MORE_IBUF)
     LUT2:I0->O            1   0.704   0.499  sd_somador_subtrator/CURRENT_STATE_FSM_FFd6-In_SW0 (N01)
     LUT4:I1->O            1   0.704   0.000  sd_somador_subtrator/CURRENT_STATE_FSM_FFd6-In (sd_somador_subtrator/CURRENT_STATE_FSM_FFd6-In)
     FDP:D                     0.308          sd_somador_subtrator/CURRENT_STATE_FSM_FFd6
    ----------------------------------------
    Total                      4.139ns (2.934ns logic, 1.205ns route)
                                       (70.9% logic, 29.1% route)

=========================================================================
Timing constraint: Default OFFSET OUT AFTER for Clock 'CLK'
  Total number of paths / destination ports: 64 / 8
-------------------------------------------------------------------------
Offset:              6.483ns (Levels of Logic = 3)
  Source:            sd_somador_subtrator_n2/REG_EXIT/q_out_temp_3 (FF)
  Destination:       SEGMENTS<6> (PAD)
  Source Clock:      CLK rising

  Data Path: sd_somador_subtrator_n2/REG_EXIT/q_out_temp_3 to SEGMENTS<6>
                                Gate     Net
    Cell:in->out      fanout   Delay   Delay  Logical Name (Net Name)
    ----------------------------------------  ------------
     FDCE:C->Q            14   0.591   1.175  sd_somador_subtrator_n2/REG_EXIT/q_out_temp_3 (sd_somador_subtrator_n2/REG_EXIT/q_out_temp_3)
     LUT4:I0->O            1   0.704   0.000  sd_somador_subtrator_n2/SEVEN_SEGMENTS_DISPLAY_INST/SEGMENTS<4>_F (N30)
     MUXF5:I0->O           1   0.321   0.420  sd_somador_subtrator_n2/SEVEN_SEGMENTS_DISPLAY_INST/SEGMENTS<4> (SEGMENTS_4_OBUF)
     OBUF:I->O                 3.272          SEGMENTS_4_OBUF (SEGMENTS<4>)
    ----------------------------------------
    Total                      6.483ns (4.888ns logic, 1.595ns route)
                                       (75.4% logic, 24.6% route)

=========================================================================


Total REAL time to Xst completion: 10.00 secs
Total CPU time to Xst completion: 9.36 secs
 
--> 


Total memory usage is 514208 kilobytes

Number of errors   :    0 (   0 filtered)
Number of warnings :    5 (   0 filtered)
Number of infos    :    8 (   0 filtered)

