--------------------------------------------------------------------------------
Release 14.7 Trace  (lin64)
Copyright (c) 1995-2013 Xilinx, Inc.  All rights reserved.

/opt/Xilinx/14.7/ISE_DS/ISE/bin/lin64/unwrapped/trce -intstyle ise -v 3 -s 4 -n
3 -fastpaths -xml somador_subtrator_n2.twx somador_subtrator_n2.ncd -o
somador_subtrator_n2.twr somador_subtrator_n2.pcf -ucf somador_subtrator_n2.ucf

Design file:              somador_subtrator_n2.ncd
Physical constraint file: somador_subtrator_n2.pcf
Device,package,speed:     xc3s100e,cp132,-4 (PRODUCTION 1.27 2013-10-13)
Report level:             verbose report

Environment Variable      Effect 
--------------------      ------ 
NONE                      No environment variables were set
--------------------------------------------------------------------------------

INFO:Timing:2698 - No timing constraints found, doing default enumeration.
INFO:Timing:3412 - To improve timing, see the Timing Closure User Guide (UG612).
INFO:Timing:2752 - To get complete path coverage, use the unconstrained paths 
   option. All paths that are not constrained will be reported in the 
   unconstrained paths section(s) of the report.
INFO:Timing:3339 - The clock-to-out numbers in this timing report are based on 
   a 50 Ohm transmission line loading model.  For the details of this model, 
   and for more information on accounting for different loading conditions, 
   please see the device datasheet.
INFO:Timing:3390 - This architecture does not support a default System Jitter 
   value, please add SYSTEM_JITTER constraint to the UCF to modify the Clock 
   Uncertainty calculation.
INFO:Timing:3389 - This architecture does not support 'Discrete Jitter' and 
   'Phase Error' calculations, these terms will be zero in the Clock 
   Uncertainty calculation.  Please make appropriate modification to 
   SYSTEM_JITTER to account for the unsupported Discrete Jitter and Phase 
   Error.



Data Sheet report:
-----------------
All values displayed in nanoseconds (ns)

Setup/Hold to clock CLOCK
------------+------------+------------+------------------+--------+
            |Max Setup to|Max Hold to |                  | Clock  |
Source      | clk (edge) | clk (edge) |Internal Clock(s) | Phase  |
------------+------------+------------+------------------+--------+
ENABLE_A    |    0.289(R)|    1.174(R)|CLOCK_BUFGP       |   0.000|
ENABLE_B    |    0.576(R)|    0.944(R)|CLOCK_BUFGP       |   0.000|
ENABLE_EXIT |    1.904(R)|    0.317(R)|CLOCK_BUFGP       |   0.000|
INPUT<0>    |    1.314(R)|    0.148(R)|CLOCK_BUFGP       |   0.000|
INPUT<1>    |    1.836(R)|   -0.028(R)|CLOCK_BUFGP       |   0.000|
INPUT<2>    |    1.078(R)|    0.320(R)|CLOCK_BUFGP       |   0.000|
INPUT<3>    |    1.231(R)|    0.197(R)|CLOCK_BUFGP       |   0.000|
OPTION      |    3.164(R)|    0.049(R)|CLOCK_BUFGP       |   0.000|
------------+------------+------------+------------------+--------+

Clock CLOCK to Pad
------------+------------+------------------+--------+
            | clk (edge) |                  | Clock  |
Destination |   to PAD   |Internal Clock(s) | Phase  |
------------+------------+------------------+--------+
FLAG        |    8.526(R)|CLOCK_BUFGP       |   0.000|
SEGMENTS<0> |   10.657(R)|CLOCK_BUFGP       |   0.000|
SEGMENTS<1> |   10.348(R)|CLOCK_BUFGP       |   0.000|
SEGMENTS<2> |   11.153(R)|CLOCK_BUFGP       |   0.000|
SEGMENTS<3> |   10.747(R)|CLOCK_BUFGP       |   0.000|
SEGMENTS<4> |   11.458(R)|CLOCK_BUFGP       |   0.000|
SEGMENTS<5> |   10.479(R)|CLOCK_BUFGP       |   0.000|
SEGMENTS<6> |   10.760(R)|CLOCK_BUFGP       |   0.000|
------------+------------+------------------+--------+

Clock to Setup on destination clock CLOCK
---------------+---------+---------+---------+---------+
               | Src:Rise| Src:Fall| Src:Rise| Src:Fall|
Source Clock   |Dest:Rise|Dest:Rise|Dest:Fall|Dest:Fall|
---------------+---------+---------+---------+---------+
CLOCK          |    3.619|         |         |         |
---------------+---------+---------+---------+---------+


Analysis completed Wed Oct 27 19:41:46 2021 
--------------------------------------------------------------------------------

Trace Settings:
-------------------------
Trace Settings 

Peak Memory Usage: 334 MB



