#-----------------------------------------------------------
# PlanAhead v14.7 (64-bit)
# Build 321239 by xbuild on Fri Sep 27 19:24:36 MDT 2013
# Start of session at: Thu Oct 21 03:01:46 2021
# Process ID: 3334
# Log file: /home/ise/ISE_Projects/somador_subtrator_n2/planAhead_run_4/planAhead.log
# Journal file: /home/ise/ISE_Projects/somador_subtrator_n2/planAhead_run_4/planAhead.jou
#-----------------------------------------------------------
INFO: [Common 17-78] Attempting to get a license: PlanAhead
INFO: [Common 17-290] Got license for PlanAhead
INFO: [Common 17-86] Your PlanAhead license expires in -1635 day(s)
INFO: [Device 21-36] Loading parts and site information from /opt/Xilinx/14.7/ISE_DS/PlanAhead/data/parts/arch.xml
Parsing RTL primitives file [/opt/Xilinx/14.7/ISE_DS/PlanAhead/data/parts/xilinx/rtl/prims/rtl_prims.xml]
Finished parsing RTL primitives file [/opt/Xilinx/14.7/ISE_DS/PlanAhead/data/parts/xilinx/rtl/prims/rtl_prims.xml]
start_gui
source /home/ise/ISE_Projects/somador_subtrator_n2/pa.fromHdl.tcl
# create_project -name somador_subtrator_n2 -dir "/home/ise/ISE_Projects/somador_subtrator_n2/planAhead_run_4" -part xc3s100ecp132-4
create_project: Time (s): cpu = 00:00:09 ; elapsed = 00:00:10 . Memory (MB): peak = 2626.820 ; gain = 23.172
# set_param project.pinAheadLayout yes
# set srcset [get_property srcset [current_run -impl]]
# set_property target_constrs_file "somador_subtrator_n2.ucf" [current_fileset -constrset]
Adding file '/home/ise/ISE_Projects/somador_subtrator_n2/somador_subtrator_n2.ucf' to fileset 'constrs_1'
# set hdlfile [add_files [list {seven_segments_display.vhd}]]
# set_property file_type VHDL $hdlfile
# set_property library work $hdlfile
# set hdlfile [add_files [list {regs.vhd}]]
# set_property file_type VHDL $hdlfile
# set_property library work $hdlfile
# set hdlfile [add_files [list {five_bit_regs.vhd}]]
# set_property file_type VHDL $hdlfile
# set_property library work $hdlfile
# set hdlfile [add_files [list {adder_subtractor.vhd}]]
# set_property file_type VHDL $hdlfile
# set_property library work $hdlfile
# set hdlfile [add_files [list {somador_subtrator_n2.vhd}]]
# set_property file_type VHDL $hdlfile
# set_property library work $hdlfile
# set_property top somador_subtrator_n2 $srcset
# add_files [list {somador_subtrator_n2.ucf}] -fileset [get_property constrset [current_run]]
# open_rtl_design -part xc3s100ecp132-4
Using Verific elaboration
Parsing VHDL file "/opt/Xilinx/14.7/ISE_DS/PlanAhead/data/parts/xilinx/rtl/lib/synplify/synattr.vhd" into library synplify
Parsing VHDL file "/opt/Xilinx/14.7/ISE_DS/PlanAhead/data/parts/xilinx/rtl/lib/synplify/synattr.vhd" into library synplify
Parsing VHDL file "/home/ise/ISE_Projects/somador_subtrator_n2/seven_segments_display.vhd" into library work
Parsing VHDL file "/home/ise/ISE_Projects/somador_subtrator_n2/regs.vhd" into library work
Parsing VHDL file "/home/ise/ISE_Projects/somador_subtrator_n2/five_bit_regs.vhd" into library work
Parsing VHDL file "/home/ise/ISE_Projects/somador_subtrator_n2/adder_subtractor.vhd" into library work
Parsing VHDL file "/home/ise/ISE_Projects/somador_subtrator_n2/somador_subtrator_n2.vhd" into library work
INFO: [Designutils 20-910] Reading macro library /opt/Xilinx/14.7/ISE_DS/PlanAhead/data/./parts/xilinx/spartan3e/spartan3e/hd_int_macros.edn
Parsing EDIF File [/opt/Xilinx/14.7/ISE_DS/PlanAhead/data/./parts/xilinx/spartan3e/spartan3e/hd_int_macros.edn]
Finished Parsing EDIF File [/opt/Xilinx/14.7/ISE_DS/PlanAhead/data/./parts/xilinx/spartan3e/spartan3e/hd_int_macros.edn]
Loading clock regions from /opt/Xilinx/14.7/ISE_DS/PlanAhead/data/parts/xilinx/spartan3e/spartan3e/xc3s100e/ClockRegion.xml
Loading clock buffers from /opt/Xilinx/14.7/ISE_DS/PlanAhead/data/parts/xilinx/spartan3e/spartan3e/xc3s100e/ClockBuffers.xml
Loading package from /opt/Xilinx/14.7/ISE_DS/PlanAhead/data/parts/xilinx/spartan3e/spartan3e/xc3s100e/cp132/Package.xml
Loading io standards from /opt/Xilinx/14.7/ISE_DS/PlanAhead/data/./parts/xilinx/spartan3e/IOStandards.xml
INFO: [Device 21-19] Loading pkg sso from /opt/Xilinx/14.7/ISE_DS/PlanAhead/data/parts/xilinx/spartan3e/spartan3e/xc3s100e/cp132/SSORules.xml
Loading list of drcs for the architecture : /opt/Xilinx/14.7/ISE_DS/PlanAhead/data/./parts/xilinx/spartan3e/spartan3e/drc.xml
INFO: [Timing 38-77] Reading timing library /opt/Xilinx/14.7/ISE_DS/PlanAhead/data/parts/xilinx/spartan3e/spartan3e/spartan3e-4.lib.
INFO: [Timing 38-34] Done reading timing library /opt/Xilinx/14.7/ISE_DS/PlanAhead/data/parts/xilinx/spartan3e/spartan3e/spartan3e-4.lib.
Parsing UCF File [/home/ise/ISE_Projects/somador_subtrator_n2/somador_subtrator_n2.ucf]
Finished Parsing UCF File [/home/ise/ISE_Projects/somador_subtrator_n2/somador_subtrator_n2.ucf]
INFO: [Project 1-111] Unisim Transformation Summary:
No Unisim elements were transformed.

Phase 0 | Netlist Checksum: 626d67eb
open_rtl_design: Time (s): cpu = 00:00:13 ; elapsed = 00:00:15 . Memory (MB): peak = 2726.410 ; gain = 93.582
update_compile_order -fileset sim_1
startgroup
set_property package_pin A7 [get_ports ENABLE_A]
endgroup
startgroup
set_property package_pin M4 [get_ports ENABLE_B]
endgroup
startgroup
set_property package_pin C11 [get_ports ENABLE_EXIT]
endgroup
startgroup
set_property package_pin M4 [get_ports ENABLE_B]
endgroup
startgroup
set_property package_pin A7 [get_ports ENABLE_A]
endgroup
startgroup
set_property package_pin N3 [get_ports CLEAR_EXIT]
endgroup
startgroup
set_property package_pin E2 [get_ports CLEAR]
endgroup
save_constraints
exit
ERROR: [#UNDEF] *** Exception: ui.h.b: Found deleted key in HTclEventBroker. Verify if the classes listed here call cleanup()
HTclEvent: DEBUG_PORT_CONFIG_CHANGE   Classes: ui.views.aR 
HTclEvent: DEBUG_CORE_CONFIG_CHANGE   Classes: ui.views.aR 
HTclEvent: SIGNAL_BUS_MODIFY   Classes: ui.views.aR 
HTclEvent: SIGNAL_MODIFY   Classes: ui.views.aR 
 (See /home/ise/ISE_Projects/somador_subtrator_n2/planAhead_pid3334.debug)
ERROR: [Common 17-39] 'stop_gui' failed due to earlier errors.
INFO: [Common 17-206] Exiting PlanAhead at Thu Oct 21 03:05:44 2021...
INFO: [Common 17-83] Releasing license: PlanAhead
